Using pre-set license
Built from '2020.3/staging' branch; Version is '2020.3.17f1 (a4537701e4ab) revision 10769271'; Using compiler version '192528614'; Build Type 'Release'
OS: 'Windows 10 Pro; OS build 19041.985; Version 2004; 64bit' Language: 'ko' Physical Memory: 16315 MB
BatchMode: 1, IsHumanControllingUs: 0, StartBugReporterOnCrash: 0, Is64bit: 1, IsPro: 0

COMMAND LINE ARGUMENTS:
D:\Files\Unity\2020.3.17f1\Editor\Unity.exe
-adb2
-batchMode
-noUpm
-name
AssetImportWorker0
-projectPath
C:/Users/Admin/Documents/GitHub/unity-2d-games/TowerDefense
-logFile
Logs/AssetImportWorker0.log
-srvPort
2221
Successfully changed project path to: C:/Users/Admin/Documents/GitHub/unity-2d-games/TowerDefense
C:/Users/Admin/Documents/GitHub/unity-2d-games/TowerDefense
Using Asset Import Pipeline V2.
Refreshing native plugins compatible for Editor in 52.87 ms, found 3 plugins.
Preloading 0 native plugins for Editor in 0.00 ms.
Initialize engine version: 2020.3.17f1 (a4537701e4ab)
[Subsystems] Discovering subsystems at path D:/Files/Unity/2020.3.17f1/Editor/Data/Resources/UnitySubsystems
[Subsystems] Discovering subsystems at path C:/Users/Admin/Documents/GitHub/unity-2d-games/TowerDefense/Assets
GfxDevice: creating device client; threaded=0
Direct3D:
    Version:  Direct3D 11.0 [level 11.1]
    Renderer: NVIDIA GeForce RTX 2070 SUPER (ID=0x1e84)
    Vendor:   
    VRAM:     8011 MB
    Driver:   30.0.14.7111
Initialize mono
Mono path[0] = 'D:/Files/Unity/2020.3.17f1/Editor/Data/Managed'
Mono path[1] = 'D:/Files/Unity/2020.3.17f1/Editor/Data/MonoBleedingEdge/lib/mono/unityjit'
Mono config path = 'D:/Files/Unity/2020.3.17f1/Editor/Data/MonoBleedingEdge/etc'
Using monoOptions --debugger-agent=transport=dt_socket,embedding=1,server=y,suspend=n,address=127.0.0.1:56760
Begin MonoManager ReloadAssembly
Registering precompiled unity dll's ...
Register platform support module: D:/Files/Unity/2020.3.17f1/Editor/Data/PlaybackEngines/WindowsStandaloneSupport/UnityEditor.WindowsStandalone.Extensions.dll
Registered in 0.001312 seconds.
Native extension for WindowsStandalone target not found
Refreshing native plugins compatible for Editor in 39.04 ms, found 3 plugins.
Preloading 0 native plugins for Editor in 0.00 ms.
Mono: successfully reloaded assembly
- Completed reload, in  1.559 seconds
Domain Reload Profiling:
	ReloadAssembly (1559ms)
		BeginReloadAssembly (68ms)
			ExecutionOrderSort (0ms)
			DisableScriptedObjects (0ms)
			BackupInstance (0ms)
			ReleaseScriptingObjects (0ms)
			CreateAndSetChildDomain (1ms)
		EndReloadAssembly (345ms)
			LoadAssemblies (67ms)
			RebuildTransferFunctionScriptingTraits (0ms)
			SetupTypeCache (120ms)
			ReleaseScriptCaches (0ms)
			RebuildScriptCaches (24ms)
			SetupLoadedEditorAssemblies (133ms)
				LogAssemblyErrors (0ms)
				InitializePlatformSupportModulesInManaged (3ms)
				SetLoadedEditorAssemblies (0ms)
				RefreshPlugins (39ms)
				BeforeProcessingInitializeOnLoad (6ms)
				ProcessInitializeOnLoadAttributes (61ms)
				ProcessInitializeOnLoadMethodAttributes (22ms)
				AfterProcessingInitializeOnLoad (0ms)
				EditorAssembliesLoaded (0ms)
			ExecutionOrderSort2 (0ms)
			AwakeInstancesAfterBackupRestoration (0ms)
Platform modules already initialized, skipping
Registering precompiled user dll's ...
Registered in 0.010500 seconds.
Begin MonoManager ReloadAssembly
Native extension for WindowsStandalone target not found
Refreshing native plugins compatible for Editor in 39.35 ms, found 3 plugins.
Preloading 0 native plugins for Editor in 0.00 ms.
Mono: successfully reloaded assembly
- Completed reload, in  1.084 seconds
Domain Reload Profiling:
	ReloadAssembly (1085ms)
		BeginReloadAssembly (151ms)
			ExecutionOrderSort (0ms)
			DisableScriptedObjects (4ms)
			BackupInstance (0ms)
			ReleaseScriptingObjects (0ms)
			CreateAndSetChildDomain (17ms)
		EndReloadAssembly (879ms)
			LoadAssemblies (126ms)
			RebuildTransferFunctionScriptingTraits (0ms)
			SetupTypeCache (253ms)
			ReleaseScriptCaches (1ms)
			RebuildScriptCaches (43ms)
			SetupLoadedEditorAssemblies (365ms)
				LogAssemblyErrors (0ms)
				InitializePlatformSupportModulesInManaged (3ms)
				SetLoadedEditorAssemblies (0ms)
				RefreshPlugins (39ms)
				BeforeProcessingInitializeOnLoad (74ms)
				ProcessInitializeOnLoadAttributes (235ms)
				ProcessInitializeOnLoadMethodAttributes (11ms)
				AfterProcessingInitializeOnLoad (2ms)
				EditorAssembliesLoaded (0ms)
			ExecutionOrderSort2 (0ms)
			AwakeInstancesAfterBackupRestoration (5ms)
Platform modules already initialized, skipping
========================================================================
Worker process is ready to serve import requests
Launched and connected shader compiler UnityShaderCompiler.exe after 0.06 seconds
Refreshing native plugins compatible for Editor in 0.48 ms, found 3 plugins.
Preloading 0 native plugins for Editor in 0.00 ms.
Unloading 2156 Unused Serialized files (Serialized files now loaded: 0)
System memory in use before: 97.4 MB.
System memory in use after: 97.5 MB.

Unloading 28 unused Assets to reduce memory usage. Loaded Objects now: 2596.
Total: 2.966000 ms (FindLiveObjects: 0.214200 ms CreateObjectMapping: 0.056500 ms MarkObjects: 2.634100 ms  DeleteObjects: 0.060000 ms)

AssetImportParameters requested are different than current active one (requested -> active):
  custom:framework-win-MediaFoundation: 216162199b28c13a410421893ffa2e32 -> 
  custom:video-decoder-ogg-theora: a1e56fd34408186e4bbccfd4996cb3dc -> 
  custom:container-muxer-webm: aa71ff27fc2769a1b78a27578f13a17b -> 
  custom:container-demuxer-webm: 4f35f7cbe854078d1ac9338744f61a02 -> 
  custom:container-demuxer-ogg: 62fdf1f143b41e24485cea50d1cbac27 -> 
  custom:video-encoder-webm-vp8: eb34c28f22e8b96e1ab97ce403110664 -> 
  custom:video-decoder-webm-vp8: 9c59270c3fd7afecdb556c50c9e8de78 -> 
  custom:audio-decoder-ogg-vorbis: bf7c407c2cedff20999df2af8eb42d56 -> 
  custom:audio-encoder-webm-vorbis: bf7c407c2cedff20999df2af8eb42d56 -> 
========================================================================
Received Import Request.
  path: Assets/Prefabs/Enemy01 2.prefab
  artifactKey: Guid(b57b79b145ee47642b0bd8029b1df250) Importer(815301076,1909f56bfc062723c751e8b465ee728b)
Start importing Assets/Prefabs/Enemy01 2.prefab using Guid(b57b79b145ee47642b0bd8029b1df250) Importer(815301076,1909f56bfc062723c751e8b465ee728b)  -> (artifact id: '3e585076af62420aa2313942ae027c08') in 0.101746 seconds 
  Import took 0.105030 seconds .

========================================================================
Received Import Request.
  Time since last request: 0.000267 seconds.
  path: Assets/Prefabs/Enemy01 1.prefab
  artifactKey: Guid(a530dd3ffab693346ad7611c78552af2) Importer(815301076,1909f56bfc062723c751e8b465ee728b)
Start importing Assets/Prefabs/Enemy01 1.prefab using Guid(a530dd3ffab693346ad7611c78552af2) Importer(815301076,1909f56bfc062723c751e8b465ee728b)  -> (artifact id: 'fbaec9537d117e2e01ad0af7d62751ae') in 0.013498 seconds 
  Import took 0.016169 seconds .

========================================================================
Received Import Request.
  Time since last request: 0.000252 seconds.
  path: Assets/Prefabs/Enemy01 4.prefab
  artifactKey: Guid(7fe2e3e4b2d717140bb56163111bda07) Importer(815301076,1909f56bfc062723c751e8b465ee728b)
Start importing Assets/Prefabs/Enemy01 4.prefab using Guid(7fe2e3e4b2d717140bb56163111bda07) Importer(815301076,1909f56bfc062723c751e8b465ee728b)  -> (artifact id: '131ae03a9adf77e3e0bec4a9db4fcde2') in 0.016509 seconds 
  Import took 0.019342 seconds .

========================================================================
Received Import Request.
  Time since last request: 0.000301 seconds.
  path: Assets/Prefabs/Enemy01 1.prefab
  artifactKey: Guid(a530dd3ffab693346ad7611c78552af2) Importer(815301076,1909f56bfc062723c751e8b465ee728b)
Start importing Assets/Prefabs/Enemy01 1.prefab using Guid(a530dd3ffab693346ad7611c78552af2) Importer(815301076,1909f56bfc062723c751e8b465ee728b)  -> (artifact id: 'fbaec9537d117e2e01ad0af7d62751ae') in 0.013033 seconds 
  Import took 0.016670 seconds .

========================================================================
Received Import Request.
  Time since last request: 0.000279 seconds.
  path: Assets/Prefabs/Enemy01 3.prefab
  artifactKey: Guid(18329b4ca42efee4a8e0e691eb0492d8) Importer(815301076,1909f56bfc062723c751e8b465ee728b)
Start importing Assets/Prefabs/Enemy01 3.prefab using Guid(18329b4ca42efee4a8e0e691eb0492d8) Importer(815301076,1909f56bfc062723c751e8b465ee728b)  -> (artifact id: '0c8a831b230cfaac4d0887153b773672') in 0.014197 seconds 
  Import took 0.017638 seconds .

========================================================================
Received Import Request.
  Time since last request: 23.764308 seconds.
  path: Assets/Prefabs/Enemy01 1.prefab
  artifactKey: Guid(a530dd3ffab693346ad7611c78552af2) Importer(815301076,1909f56bfc062723c751e8b465ee728b)
Start importing Assets/Prefabs/Enemy01 1.prefab using Guid(a530dd3ffab693346ad7611c78552af2) Importer(815301076,1909f56bfc062723c751e8b465ee728b)  -> (artifact id: 'a9e4b4b4d4dda25be713b14034d321eb') in 0.011711 seconds 
  Import took 0.015091 seconds .

========================================================================
Received Import Request.
  Time since last request: 0.003057 seconds.
  path: Assets/Prefabs/Enemy01 1.prefab
  artifactKey: Guid(a530dd3ffab693346ad7611c78552af2) Importer(815301076,1909f56bfc062723c751e8b465ee728b)
Start importing Assets/Prefabs/Enemy01 1.prefab using Guid(a530dd3ffab693346ad7611c78552af2) Importer(815301076,1909f56bfc062723c751e8b465ee728b)  -> (artifact id: 'a9e4b4b4d4dda25be713b14034d321eb') in 0.011357 seconds 
  Import took 0.015125 seconds .

========================================================================
Received Import Request.
  Time since last request: 7.030341 seconds.
  path: Assets/Prefabs/Enemy01 1.prefab
  artifactKey: Guid(a530dd3ffab693346ad7611c78552af2) Importer(815301076,1909f56bfc062723c751e8b465ee728b)
Start importing Assets/Prefabs/Enemy01 1.prefab using Guid(a530dd3ffab693346ad7611c78552af2) Importer(815301076,1909f56bfc062723c751e8b465ee728b)  -> (artifact id: '84e08c1d11700962d53450c33ec32fc4') in 0.010760 seconds 
  Import took 0.014567 seconds .

========================================================================
Received Import Request.
  Time since last request: 0.003915 seconds.
  path: Assets/Prefabs/Enemy01 1.prefab
  artifactKey: Guid(a530dd3ffab693346ad7611c78552af2) Importer(815301076,1909f56bfc062723c751e8b465ee728b)
Start importing Assets/Prefabs/Enemy01 1.prefab using Guid(a530dd3ffab693346ad7611c78552af2) Importer(815301076,1909f56bfc062723c751e8b465ee728b)  -> (artifact id: '84e08c1d11700962d53450c33ec32fc4') in 0.012282 seconds 
  Import took 0.015694 seconds .

========================================================================
Received Import Request.
  Time since last request: 4.808824 seconds.
  path: Assets/Prefabs/Enemy01 1.prefab
  artifactKey: Guid(a530dd3ffab693346ad7611c78552af2) Importer(815301076,1909f56bfc062723c751e8b465ee728b)
Start importing Assets/Prefabs/Enemy01 1.prefab using Guid(a530dd3ffab693346ad7611c78552af2) Importer(815301076,1909f56bfc062723c751e8b465ee728b)  -> (artifact id: '8c84b1b1d734fea93a22ddd61072d8ec') in 0.011133 seconds 
  Import took 0.014489 seconds .

========================================================================
Received Import Request.
  Time since last request: 0.003482 seconds.
  path: Assets/Prefabs/Enemy01 1.prefab
  artifactKey: Guid(a530dd3ffab693346ad7611c78552af2) Importer(815301076,1909f56bfc062723c751e8b465ee728b)
Start importing Assets/Prefabs/Enemy01 1.prefab using Guid(a530dd3ffab693346ad7611c78552af2) Importer(815301076,1909f56bfc062723c751e8b465ee728b)  -> (artifact id: '8c84b1b1d734fea93a22ddd61072d8ec') in 0.011349 seconds 
  Import took 0.014748 seconds .

========================================================================
Received Import Request.
  Time since last request: 2.035665 seconds.
  path: Assets/Prefabs/Enemy01 1.prefab
  artifactKey: Guid(a530dd3ffab693346ad7611c78552af2) Importer(815301076,1909f56bfc062723c751e8b465ee728b)
Start importing Assets/Prefabs/Enemy01 1.prefab using Guid(a530dd3ffab693346ad7611c78552af2) Importer(815301076,1909f56bfc062723c751e8b465ee728b)  -> (artifact id: '3f8d6cf30ae2e303214392438d3c9e07') in 0.010798 seconds 
  Import took 0.014177 seconds .

========================================================================
Received Import Request.
  Time since last request: 6.801574 seconds.
  path: Assets/Prefabs/Enemy02.prefab
  artifactKey: Guid(a530dd3ffab693346ad7611c78552af2) Importer(815301076,1909f56bfc062723c751e8b465ee728b)
Start importing Assets/Prefabs/Enemy02.prefab using Guid(a530dd3ffab693346ad7611c78552af2) Importer(815301076,1909f56bfc062723c751e8b465ee728b)  -> (artifact id: 'd7caff01b81464b54a724272c7cc38d5') in 0.011605 seconds 
  Import took 0.014968 seconds .

========================================================================
Received Import Request.
  Time since last request: 0.003602 seconds.
  path: Assets/Prefabs/Enemy02.prefab
  artifactKey: Guid(a530dd3ffab693346ad7611c78552af2) Importer(815301076,1909f56bfc062723c751e8b465ee728b)
Start importing Assets/Prefabs/Enemy02.prefab using Guid(a530dd3ffab693346ad7611c78552af2) Importer(815301076,1909f56bfc062723c751e8b465ee728b)  -> (artifact id: 'd7caff01b81464b54a724272c7cc38d5') in 0.010069 seconds 
  Import took 0.013499 seconds .

========================================================================
Received Import Request.
  Time since last request: 6.348760 seconds.
  path: Assets/Prefabs/Enemy01 2.prefab
  artifactKey: Guid(b57b79b145ee47642b0bd8029b1df250) Importer(815301076,1909f56bfc062723c751e8b465ee728b)
Start importing Assets/Prefabs/Enemy01 2.prefab using Guid(b57b79b145ee47642b0bd8029b1df250) Importer(815301076,1909f56bfc062723c751e8b465ee728b)  -> (artifact id: 'e089efe9a4e0320e01ef716e142229a5') in 0.010851 seconds 
  Import took 0.014691 seconds .

========================================================================
Received Import Request.
  Time since last request: 0.003288 seconds.
  path: Assets/Prefabs/Enemy01 2.prefab
  artifactKey: Guid(b57b79b145ee47642b0bd8029b1df250) Importer(815301076,1909f56bfc062723c751e8b465ee728b)
Start importing Assets/Prefabs/Enemy01 2.prefab using Guid(b57b79b145ee47642b0bd8029b1df250) Importer(815301076,1909f56bfc062723c751e8b465ee728b)  -> (artifact id: 'e089efe9a4e0320e01ef716e142229a5') in 0.010812 seconds 
  Import took 0.014068 seconds .

========================================================================
Received Import Request.
  Time since last request: 2.579701 seconds.
  path: Assets/Prefabs/Enemy01 2.prefab
  artifactKey: Guid(b57b79b145ee47642b0bd8029b1df250) Importer(815301076,1909f56bfc062723c751e8b465ee728b)
Start importing Assets/Prefabs/Enemy01 2.prefab using Guid(b57b79b145ee47642b0bd8029b1df250) Importer(815301076,1909f56bfc062723c751e8b465ee728b)  -> (artifact id: '06e91a820b907f0c4ad8e3a2a2f505f8') in 0.010444 seconds 
  Import took 0.013965 seconds .

========================================================================
Received Import Request.
  Time since last request: 0.007772 seconds.
  path: Assets/Prefabs/Enemy01 2.prefab
  artifactKey: Guid(b57b79b145ee47642b0bd8029b1df250) Importer(815301076,1909f56bfc062723c751e8b465ee728b)
Start importing Assets/Prefabs/Enemy01 2.prefab using Guid(b57b79b145ee47642b0bd8029b1df250) Importer(815301076,1909f56bfc062723c751e8b465ee728b)  -> (artifact id: '06e91a820b907f0c4ad8e3a2a2f505f8') in 0.010866 seconds 
  Import took 0.014399 seconds .

========================================================================
Received Import Request.
  Time since last request: 2.800940 seconds.
  path: Assets/Prefabs/Enemy01 2.prefab
  artifactKey: Guid(b57b79b145ee47642b0bd8029b1df250) Importer(815301076,1909f56bfc062723c751e8b465ee728b)
Start importing Assets/Prefabs/Enemy01 2.prefab using Guid(b57b79b145ee47642b0bd8029b1df250) Importer(815301076,1909f56bfc062723c751e8b465ee728b)  -> (artifact id: 'e12c5231b80a0528e885282863e3493f') in 0.010644 seconds 
  Import took 0.014465 seconds .

========================================================================
Received Import Request.
  Time since last request: 0.002936 seconds.
  path: Assets/Prefabs/Enemy01 2.prefab
  artifactKey: Guid(b57b79b145ee47642b0bd8029b1df250) Importer(815301076,1909f56bfc062723c751e8b465ee728b)
Start importing Assets/Prefabs/Enemy01 2.prefab using Guid(b57b79b145ee47642b0bd8029b1df250) Importer(815301076,1909f56bfc062723c751e8b465ee728b)  -> (artifact id: 'e12c5231b80a0528e885282863e3493f') in 0.011059 seconds 
  Import took 0.014232 seconds .

========================================================================
Received Import Request.
  Time since last request: 5.007247 seconds.
  path: Assets/Prefabs/Enemy01 2.prefab
  artifactKey: Guid(b57b79b145ee47642b0bd8029b1df250) Importer(815301076,1909f56bfc062723c751e8b465ee728b)
Start importing Assets/Prefabs/Enemy01 2.prefab using Guid(b57b79b145ee47642b0bd8029b1df250) Importer(815301076,1909f56bfc062723c751e8b465ee728b)  -> (artifact id: 'f0eaaf0b4e97a15732fb3ffabb3b0265') in 0.010634 seconds 
  Import took 0.013998 seconds .

========================================================================
Received Import Request.
  Time since last request: 0.003933 seconds.
  path: Assets/Prefabs/Enemy01 2.prefab
  artifactKey: Guid(b57b79b145ee47642b0bd8029b1df250) Importer(815301076,1909f56bfc062723c751e8b465ee728b)
Start importing Assets/Prefabs/Enemy01 2.prefab using Guid(b57b79b145ee47642b0bd8029b1df250) Importer(815301076,1909f56bfc062723c751e8b465ee728b)  -> (artifact id: 'f0eaaf0b4e97a15732fb3ffabb3b0265') in 0.012622 seconds 
  Import took 0.015883 seconds .

========================================================================
Received Import Request.
  Time since last request: 2.888107 seconds.
  path: Assets/Prefabs/Enemy03.prefab
  artifactKey: Guid(b57b79b145ee47642b0bd8029b1df250) Importer(815301076,1909f56bfc062723c751e8b465ee728b)
Start importing Assets/Prefabs/Enemy03.prefab using Guid(b57b79b145ee47642b0bd8029b1df250) Importer(815301076,1909f56bfc062723c751e8b465ee728b)  -> (artifact id: '11daa87639ea05e518ef8310333cba0c') in 0.010869 seconds 
  Import took 0.014498 seconds .

========================================================================
Received Import Request.
  Time since last request: 0.002991 seconds.
  path: Assets/Prefabs/Enemy03.prefab
  artifactKey: Guid(b57b79b145ee47642b0bd8029b1df250) Importer(815301076,1909f56bfc062723c751e8b465ee728b)
Start importing Assets/Prefabs/Enemy03.prefab using Guid(b57b79b145ee47642b0bd8029b1df250) Importer(815301076,1909f56bfc062723c751e8b465ee728b)  -> (artifact id: '11daa87639ea05e518ef8310333cba0c') in 0.010524 seconds 
  Import took 0.013937 seconds .

========================================================================
Received Import Request.
  Time since last request: 3.960691 seconds.
  path: Assets/Prefabs/Enemy01 3.prefab
  artifactKey: Guid(18329b4ca42efee4a8e0e691eb0492d8) Importer(815301076,1909f56bfc062723c751e8b465ee728b)
Start importing Assets/Prefabs/Enemy01 3.prefab using Guid(18329b4ca42efee4a8e0e691eb0492d8) Importer(815301076,1909f56bfc062723c751e8b465ee728b)  -> (artifact id: '2995d4267d409d7b644713c017acabdf') in 0.011270 seconds 
  Import took 0.015129 seconds .

========================================================================
Received Import Request.
  Time since last request: 0.002813 seconds.
  path: Assets/Prefabs/Enemy01 3.prefab
  artifactKey: Guid(18329b4ca42efee4a8e0e691eb0492d8) Importer(815301076,1909f56bfc062723c751e8b465ee728b)
Start importing Assets/Prefabs/Enemy01 3.prefab using Guid(18329b4ca42efee4a8e0e691eb0492d8) Importer(815301076,1909f56bfc062723c751e8b465ee728b)  -> (artifact id: '2995d4267d409d7b644713c017acabdf') in 0.010806 seconds 
  Import took 0.014209 seconds .

========================================================================
Received Import Request.
  Time since last request: 6.218067 seconds.
  path: Assets/Prefabs/Enemy01 3.prefab
  artifactKey: Guid(18329b4ca42efee4a8e0e691eb0492d8) Importer(815301076,1909f56bfc062723c751e8b465ee728b)
Start importing Assets/Prefabs/Enemy01 3.prefab using Guid(18329b4ca42efee4a8e0e691eb0492d8) Importer(815301076,1909f56bfc062723c751e8b465ee728b)  -> (artifact id: '8d6e4d0587b6ee78d278bd19a1bb1489') in 0.010635 seconds 
  Import took 0.014185 seconds .

========================================================================
Received Import Request.
  Time since last request: 0.004337 seconds.
  path: Assets/Prefabs/Enemy01 3.prefab
  artifactKey: Guid(18329b4ca42efee4a8e0e691eb0492d8) Importer(815301076,1909f56bfc062723c751e8b465ee728b)
Start importing Assets/Prefabs/Enemy01 3.prefab using Guid(18329b4ca42efee4a8e0e691eb0492d8) Importer(815301076,1909f56bfc062723c751e8b465ee728b)  -> (artifact id: '8d6e4d0587b6ee78d278bd19a1bb1489') in 0.013923 seconds 
  Import took 0.017395 seconds .

========================================================================
Received Import Request.
  Time since last request: 2.576329 seconds.
  path: Assets/Prefabs/Enemy01 3.prefab
  artifactKey: Guid(18329b4ca42efee4a8e0e691eb0492d8) Importer(815301076,1909f56bfc062723c751e8b465ee728b)
Start importing Assets/Prefabs/Enemy01 3.prefab using Guid(18329b4ca42efee4a8e0e691eb0492d8) Importer(815301076,1909f56bfc062723c751e8b465ee728b)  -> (artifact id: '05b9e3a3b7e0f1a441603e94bcbd0b7f') in 0.011233 seconds 
  Import took 0.014763 seconds .

========================================================================
Received Import Request.
  Time since last request: 0.003915 seconds.
  path: Assets/Prefabs/Enemy01 3.prefab
  artifactKey: Guid(18329b4ca42efee4a8e0e691eb0492d8) Importer(815301076,1909f56bfc062723c751e8b465ee728b)
Start importing Assets/Prefabs/Enemy01 3.prefab using Guid(18329b4ca42efee4a8e0e691eb0492d8) Importer(815301076,1909f56bfc062723c751e8b465ee728b)  -> (artifact id: '05b9e3a3b7e0f1a441603e94bcbd0b7f') in 0.011409 seconds 
  Import took 0.014858 seconds .

========================================================================
Received Import Request.
  Time since last request: 3.394035 seconds.
  path: Assets/Prefabs/Enemy01 3.prefab
  artifactKey: Guid(18329b4ca42efee4a8e0e691eb0492d8) Importer(815301076,1909f56bfc062723c751e8b465ee728b)
Start importing Assets/Prefabs/Enemy01 3.prefab using Guid(18329b4ca42efee4a8e0e691eb0492d8) Importer(815301076,1909f56bfc062723c751e8b465ee728b)  -> (artifact id: '0c405d7b73ffa865cd409169d4d68288') in 0.011005 seconds 
  Import took 0.014630 seconds .

========================================================================
Received Import Request.
  Time since last request: 0.004067 seconds.
  path: Assets/Prefabs/Enemy01 3.prefab
  artifactKey: Guid(18329b4ca42efee4a8e0e691eb0492d8) Importer(815301076,1909f56bfc062723c751e8b465ee728b)
Start importing Assets/Prefabs/Enemy01 3.prefab using Guid(18329b4ca42efee4a8e0e691eb0492d8) Importer(815301076,1909f56bfc062723c751e8b465ee728b)  -> (artifact id: '0c405d7b73ffa865cd409169d4d68288') in 0.010751 seconds 
  Import took 0.014181 seconds .

========================================================================
Received Import Request.
  Time since last request: 2.690162 seconds.
  path: Assets/Prefabs/Enemy04.prefab
  artifactKey: Guid(18329b4ca42efee4a8e0e691eb0492d8) Importer(815301076,1909f56bfc062723c751e8b465ee728b)
Start importing Assets/Prefabs/Enemy04.prefab using Guid(18329b4ca42efee4a8e0e691eb0492d8) Importer(815301076,1909f56bfc062723c751e8b465ee728b)  -> (artifact id: 'b4644c7a19ffdba46d190ba01c669939') in 0.011684 seconds 
  Import took 0.015044 seconds .

========================================================================
Received Import Request.
  Time since last request: 0.003068 seconds.
  path: Assets/Prefabs/Enemy04.prefab
  artifactKey: Guid(18329b4ca42efee4a8e0e691eb0492d8) Importer(815301076,1909f56bfc062723c751e8b465ee728b)
Start importing Assets/Prefabs/Enemy04.prefab using Guid(18329b4ca42efee4a8e0e691eb0492d8) Importer(815301076,1909f56bfc062723c751e8b465ee728b)  -> (artifact id: 'b4644c7a19ffdba46d190ba01c669939') in 0.011107 seconds 
  Import took 0.014552 seconds .

========================================================================
Received Import Request.
  Time since last request: 7.039884 seconds.
  path: Assets/Prefabs/Enemy01 4.prefab
  artifactKey: Guid(7fe2e3e4b2d717140bb56163111bda07) Importer(815301076,1909f56bfc062723c751e8b465ee728b)
Start importing Assets/Prefabs/Enemy01 4.prefab using Guid(7fe2e3e4b2d717140bb56163111bda07) Importer(815301076,1909f56bfc062723c751e8b465ee728b)  -> (artifact id: '63fcd3a21aff546cb95c5bb06930d4ac') in 0.010887 seconds 
  Import took 0.014457 seconds .

========================================================================
Received Import Request.
  Time since last request: 0.004363 seconds.
  path: Assets/Prefabs/Enemy01 4.prefab
  artifactKey: Guid(7fe2e3e4b2d717140bb56163111bda07) Importer(815301076,1909f56bfc062723c751e8b465ee728b)
Start importing Assets/Prefabs/Enemy01 4.prefab using Guid(7fe2e3e4b2d717140bb56163111bda07) Importer(815301076,1909f56bfc062723c751e8b465ee728b)  -> (artifact id: '63fcd3a21aff546cb95c5bb06930d4ac') in 0.013212 seconds 
  Import took 0.016602 seconds .

========================================================================
Received Import Request.
  Time since last request: 2.594299 seconds.
  path: Assets/Prefabs/Enemy01 4.prefab
  artifactKey: Guid(7fe2e3e4b2d717140bb56163111bda07) Importer(815301076,1909f56bfc062723c751e8b465ee728b)
Start importing Assets/Prefabs/Enemy01 4.prefab using Guid(7fe2e3e4b2d717140bb56163111bda07) Importer(815301076,1909f56bfc062723c751e8b465ee728b)  -> (artifact id: '2d8a574ee70529d7e8f60929bdb73cd4') in 0.011346 seconds 
  Import took 0.014943 seconds .

========================================================================
Received Import Request.
  Time since last request: 0.003551 seconds.
  path: Assets/Prefabs/Enemy01 4.prefab
  artifactKey: Guid(7fe2e3e4b2d717140bb56163111bda07) Importer(815301076,1909f56bfc062723c751e8b465ee728b)
Start importing Assets/Prefabs/Enemy01 4.prefab using Guid(7fe2e3e4b2d717140bb56163111bda07) Importer(815301076,1909f56bfc062723c751e8b465ee728b)  -> (artifact id: '2d8a574ee70529d7e8f60929bdb73cd4') in 0.015330 seconds 
  Import took 0.018726 seconds .

========================================================================
Received Import Request.
  Time since last request: 2.775771 seconds.
  path: Assets/Prefabs/Enemy01 4.prefab
  artifactKey: Guid(7fe2e3e4b2d717140bb56163111bda07) Importer(815301076,1909f56bfc062723c751e8b465ee728b)
Start importing Assets/Prefabs/Enemy01 4.prefab using Guid(7fe2e3e4b2d717140bb56163111bda07) Importer(815301076,1909f56bfc062723c751e8b465ee728b)  -> (artifact id: 'd41eeff29fc1b9035238710547ab50ee') in 0.011998 seconds 
  Import took 0.015343 seconds .

========================================================================
Received Import Request.
  Time since last request: 5.495594 seconds.
  path: Assets/Prefabs/Enemy01 4.prefab
  artifactKey: Guid(7fe2e3e4b2d717140bb56163111bda07) Importer(815301076,1909f56bfc062723c751e8b465ee728b)
Start importing Assets/Prefabs/Enemy01 4.prefab using Guid(7fe2e3e4b2d717140bb56163111bda07) Importer(815301076,1909f56bfc062723c751e8b465ee728b)  -> (artifact id: 'b13ac644f307bfc5f94e92275c5ef242') in 0.011516 seconds 
  Import took 0.014894 seconds .

========================================================================
Received Import Request.
  Time since last request: 0.005652 seconds.
  path: Assets/Prefabs/Enemy01 4.prefab
  artifactKey: Guid(7fe2e3e4b2d717140bb56163111bda07) Importer(815301076,1909f56bfc062723c751e8b465ee728b)
Start importing Assets/Prefabs/Enemy01 4.prefab using Guid(7fe2e3e4b2d717140bb56163111bda07) Importer(815301076,1909f56bfc062723c751e8b465ee728b)  -> (artifact id: 'b13ac644f307bfc5f94e92275c5ef242') in 0.011105 seconds 
  Import took 0.014204 seconds .

========================================================================
Received Import Request.
  Time since last request: 2.963501 seconds.
  path: Assets/Prefabs/Enemy05.prefab
  artifactKey: Guid(7fe2e3e4b2d717140bb56163111bda07) Importer(815301076,1909f56bfc062723c751e8b465ee728b)
Start importing Assets/Prefabs/Enemy05.prefab using Guid(7fe2e3e4b2d717140bb56163111bda07) Importer(815301076,1909f56bfc062723c751e8b465ee728b)  -> (artifact id: 'b7a496b2d0fc88073b4b4f85b131e813') in 0.010876 seconds 
  Import took 0.014249 seconds .

========================================================================
Received Import Request.
  Time since last request: 0.002972 seconds.
  path: Assets/Prefabs/Enemy05.prefab
  artifactKey: Guid(7fe2e3e4b2d717140bb56163111bda07) Importer(815301076,1909f56bfc062723c751e8b465ee728b)
Start importing Assets/Prefabs/Enemy05.prefab using Guid(7fe2e3e4b2d717140bb56163111bda07) Importer(815301076,1909f56bfc062723c751e8b465ee728b)  -> (artifact id: 'b7a496b2d0fc88073b4b4f85b131e813') in 0.012141 seconds 
  Import took 0.015615 seconds .

========================================================================
Received Import Request.
  Time since last request: 19.875180 seconds.
  path: Assets/Scripts/WaveSystem.cs
  artifactKey: Guid(8ab814f74147ffe41a31486d35e54118) Importer(815301076,1909f56bfc062723c751e8b465ee728b)
Start importing Assets/Scripts/WaveSystem.cs using Guid(8ab814f74147ffe41a31486d35e54118) Importer(815301076,1909f56bfc062723c751e8b465ee728b)  -> (artifact id: '1b4c5bc43361c2b105dac6f06d8a572c') in 0.016622 seconds 
  Import took 0.019974 seconds .

========================================================================
Received Import Request.
  Time since last request: 0.073283 seconds.
  path: Assets/Scripts/WaveSystem.cs
  artifactKey: Guid(8ab814f74147ffe41a31486d35e54118) Importer(815301076,1909f56bfc062723c751e8b465ee728b)
Start importing Assets/Scripts/WaveSystem.cs using Guid(8ab814f74147ffe41a31486d35e54118) Importer(815301076,1909f56bfc062723c751e8b465ee728b)  -> (artifact id: '1b4c5bc43361c2b105dac6f06d8a572c') in 0.003776 seconds 
  Import took 0.007523 seconds .

========================================================================
Received Prepare
Registering precompiled user dll's ...
Registered in 0.010407 seconds.
Begin MonoManager ReloadAssembly
Native extension for WindowsStandalone target not found
Refreshing native plugins compatible for Editor in 0.59 ms, found 3 plugins.
Preloading 0 native plugins for Editor in 0.00 ms.
Mono: successfully reloaded assembly
- Completed reload, in  0.988 seconds
Domain Reload Profiling:
	ReloadAssembly (988ms)
		BeginReloadAssembly (134ms)
			ExecutionOrderSort (0ms)
			DisableScriptedObjects (6ms)
			BackupInstance (0ms)
			ReleaseScriptingObjects (0ms)
			CreateAndSetChildDomain (30ms)
		EndReloadAssembly (802ms)
			LoadAssemblies (117ms)
			RebuildTransferFunctionScriptingTraits (0ms)
			SetupTypeCache (226ms)
			ReleaseScriptCaches (1ms)
			RebuildScriptCaches (36ms)
			SetupLoadedEditorAssemblies (353ms)
				LogAssemblyErrors (0ms)
				InitializePlatformSupportModulesInManaged (4ms)
				SetLoadedEditorAssemblies (0ms)
				RefreshPlugins (1ms)
				BeforeProcessingInitializeOnLoad (72ms)
				ProcessInitializeOnLoadAttributes (268ms)
				ProcessInitializeOnLoadMethodAttributes (5ms)
				AfterProcessingInitializeOnLoad (3ms)
				EditorAssembliesLoaded (0ms)
			ExecutionOrderSort2 (0ms)
			AwakeInstancesAfterBackupRestoration (9ms)
Platform modules already initialized, skipping
Refreshing native plugins compatible for Editor in 0.50 ms, found 3 plugins.
Preloading 0 native plugins for Editor in 0.00 ms.
Unloading 2133 Unused Serialized files (Serialized files now loaded: 0)
System memory in use before: 98.5 MB.
System memory in use after: 98.6 MB.

Unloading 16 unused Assets to reduce memory usage. Loaded Objects now: 2607.
Total: 3.023100 ms (FindLiveObjects: 0.215800 ms CreateObjectMapping: 0.050200 ms MarkObjects: 2.737100 ms  DeleteObjects: 0.018500 ms)

AssetImportParameters requested are different than current active one (requested -> active):
  custom:framework-win-MediaFoundation: 216162199b28c13a410421893ffa2e32 -> 
  custom:video-decoder-ogg-theora: a1e56fd34408186e4bbccfd4996cb3dc -> 
  custom:container-muxer-webm: aa71ff27fc2769a1b78a27578f13a17b -> 
  custom:container-demuxer-webm: 4f35f7cbe854078d1ac9338744f61a02 -> 
  custom:container-demuxer-ogg: 62fdf1f143b41e24485cea50d1cbac27 -> 
  custom:video-encoder-webm-vp8: eb34c28f22e8b96e1ab97ce403110664 -> 
  custom:video-decoder-webm-vp8: 9c59270c3fd7afecdb556c50c9e8de78 -> 
  custom:audio-decoder-ogg-vorbis: bf7c407c2cedff20999df2af8eb42d56 -> 
  custom:audio-encoder-webm-vorbis: bf7c407c2cedff20999df2af8eb42d56 -> 
========================================================================
Received Prepare
Registering precompiled user dll's ...
Registered in 0.009713 seconds.
Begin MonoManager ReloadAssembly
Native extension for WindowsStandalone target not found
Refreshing native plugins compatible for Editor in 0.60 ms, found 3 plugins.
Preloading 0 native plugins for Editor in 0.00 ms.
Mono: successfully reloaded assembly
- Completed reload, in  0.980 seconds
Domain Reload Profiling:
	ReloadAssembly (980ms)
		BeginReloadAssembly (129ms)
			ExecutionOrderSort (0ms)
			DisableScriptedObjects (6ms)
			BackupInstance (0ms)
			ReleaseScriptingObjects (0ms)
			CreateAndSetChildDomain (29ms)
		EndReloadAssembly (798ms)
			LoadAssemblies (132ms)
			RebuildTransferFunctionScriptingTraits (0ms)
			SetupTypeCache (239ms)
			ReleaseScriptCaches (1ms)
			RebuildScriptCaches (36ms)
			SetupLoadedEditorAssemblies (327ms)
				LogAssemblyErrors (0ms)
				InitializePlatformSupportModulesInManaged (4ms)
				SetLoadedEditorAssemblies (0ms)
				RefreshPlugins (1ms)
				BeforeProcessingInitializeOnLoad (69ms)
				ProcessInitializeOnLoadAttributes (246ms)
				ProcessInitializeOnLoadMethodAttributes (4ms)
				AfterProcessingInitializeOnLoad (2ms)
				EditorAssembliesLoaded (0ms)
			ExecutionOrderSort2 (0ms)
			AwakeInstancesAfterBackupRestoration (8ms)
Platform modules already initialized, skipping
Refreshing native plugins compatible for Editor in 0.49 ms, found 3 plugins.
Preloading 0 native plugins for Editor in 0.00 ms.
Unloading 2133 Unused Serialized files (Serialized files now loaded: 0)
System memory in use before: 98.5 MB.
System memory in use after: 98.6 MB.

Unloading 16 unused Assets to reduce memory usage. Loaded Objects now: 2610.
Total: 2.874300 ms (FindLiveObjects: 0.213800 ms CreateObjectMapping: 0.056000 ms MarkObjects: 2.589800 ms  DeleteObjects: 0.013800 ms)

AssetImportParameters requested are different than current active one (requested -> active):
  custom:framework-win-MediaFoundation: 216162199b28c13a410421893ffa2e32 -> 
  custom:video-decoder-ogg-theora: a1e56fd34408186e4bbccfd4996cb3dc -> 
  custom:container-muxer-webm: aa71ff27fc2769a1b78a27578f13a17b -> 
  custom:container-demuxer-webm: 4f35f7cbe854078d1ac9338744f61a02 -> 
  custom:container-demuxer-ogg: 62fdf1f143b41e24485cea50d1cbac27 -> 
  custom:video-encoder-webm-vp8: eb34c28f22e8b96e1ab97ce403110664 -> 
  custom:video-decoder-webm-vp8: 9c59270c3fd7afecdb556c50c9e8de78 -> 
  custom:audio-decoder-ogg-vorbis: bf7c407c2cedff20999df2af8eb42d56 -> 
  custom:audio-encoder-webm-vorbis: bf7c407c2cedff20999df2af8eb42d56 -> 
========================================================================
Received Import Request.
  Time since last request: 130.888641 seconds.
  path: Assets/Scripts/WaveSystem.cs
  artifactKey: Guid(8ab814f74147ffe41a31486d35e54118) Importer(815301076,1909f56bfc062723c751e8b465ee728b)
Start importing Assets/Scripts/WaveSystem.cs using Guid(8ab814f74147ffe41a31486d35e54118) Importer(815301076,1909f56bfc062723c751e8b465ee728b)  -> (artifact id: '2228ecdeec4ca0ea511f508ef0557f57') in 0.006839 seconds 
  Import took 0.009994 seconds .

========================================================================
Received Import Request.
  Time since last request: 0.000222 seconds.
  path: Assets/Scripts/EnemySpawner.cs
  artifactKey: Guid(cf690ac07f4132743a99da4450161281) Importer(815301076,1909f56bfc062723c751e8b465ee728b)
Start importing Assets/Scripts/EnemySpawner.cs using Guid(cf690ac07f4132743a99da4450161281) Importer(815301076,1909f56bfc062723c751e8b465ee728b)  -> (artifact id: '6078add6dc7fc48b80e3251a1aaf4275') in 0.004110 seconds 
  Import took 0.006662 seconds .

========================================================================
Received Import Request.
  Time since last request: 516.338182 seconds.
  path: Assets/Scripts/EnemySpawner.cs
  artifactKey: Guid(cf690ac07f4132743a99da4450161281) Importer(815301076,1909f56bfc062723c751e8b465ee728b)
Start importing Assets/Scripts/EnemySpawner.cs using Guid(cf690ac07f4132743a99da4450161281) Importer(815301076,1909f56bfc062723c751e8b465ee728b)  -> (artifact id: '857af80d99786c8aab78896eb90062b9') in 0.004675 seconds 
  Import took 0.008138 seconds .

========================================================================
Received Prepare
Registering precompiled user dll's ...
Registered in 0.010245 seconds.
Begin MonoManager ReloadAssembly
Native extension for WindowsStandalone target not found
Refreshing native plugins compatible for Editor in 0.49 ms, found 3 plugins.
Preloading 0 native plugins for Editor in 0.00 ms.
Mono: successfully reloaded assembly
- Completed reload, in  0.976 seconds
Domain Reload Profiling:
	ReloadAssembly (977ms)
		BeginReloadAssembly (132ms)
			ExecutionOrderSort (0ms)
			DisableScriptedObjects (5ms)
			BackupInstance (0ms)
			ReleaseScriptingObjects (0ms)
			CreateAndSetChildDomain (29ms)
		EndReloadAssembly (788ms)
			LoadAssemblies (123ms)
			RebuildTransferFunctionScriptingTraits (0ms)
			SetupTypeCache (240ms)
			ReleaseScriptCaches (1ms)
			RebuildScriptCaches (36ms)
			SetupLoadedEditorAssemblies (323ms)
				LogAssemblyErrors (0ms)
				InitializePlatformSupportModulesInManaged (4ms)
				SetLoadedEditorAssemblies (0ms)
				RefreshPlugins (1ms)
				BeforeProcessingInitializeOnLoad (67ms)
				ProcessInitializeOnLoadAttributes (245ms)
				ProcessInitializeOnLoadMethodAttributes (4ms)
				AfterProcessingInitializeOnLoad (2ms)
				EditorAssembliesLoaded (0ms)
			ExecutionOrderSort2 (0ms)
			AwakeInstancesAfterBackupRestoration (8ms)
Platform modules already initialized, skipping
Refreshing native plugins compatible for Editor in 0.50 ms, found 3 plugins.
Preloading 0 native plugins for Editor in 0.00 ms.
Unloading 2133 Unused Serialized files (Serialized files now loaded: 0)
System memory in use before: 98.5 MB.
System memory in use after: 98.7 MB.

Unloading 16 unused Assets to reduce memory usage. Loaded Objects now: 2613.
Total: 3.106300 ms (FindLiveObjects: 0.221600 ms CreateObjectMapping: 0.055500 ms MarkObjects: 2.808500 ms  DeleteObjects: 0.019700 ms)

AssetImportParameters requested are different than current active one (requested -> active):
  custom:framework-win-MediaFoundation: 216162199b28c13a410421893ffa2e32 -> 
  custom:video-decoder-ogg-theora: a1e56fd34408186e4bbccfd4996cb3dc -> 
  custom:container-muxer-webm: aa71ff27fc2769a1b78a27578f13a17b -> 
  custom:container-demuxer-webm: 4f35f7cbe854078d1ac9338744f61a02 -> 
  custom:container-demuxer-ogg: 62fdf1f143b41e24485cea50d1cbac27 -> 
  custom:video-encoder-webm-vp8: eb34c28f22e8b96e1ab97ce403110664 -> 
  custom:video-decoder-webm-vp8: 9c59270c3fd7afecdb556c50c9e8de78 -> 
  custom:audio-decoder-ogg-vorbis: bf7c407c2cedff20999df2af8eb42d56 -> 
  custom:audio-encoder-webm-vorbis: bf7c407c2cedff20999df2af8eb42d56 -> 
========================================================================
Received Prepare
Registering precompiled user dll's ...
Registered in 0.009676 seconds.
Begin MonoManager ReloadAssembly
Native extension for WindowsStandalone target not found
Refreshing native plugins compatible for Editor in 0.49 ms, found 3 plugins.
Preloading 0 native plugins for Editor in 0.00 ms.
Mono: successfully reloaded assembly
- Completed reload, in  0.958 seconds
Domain Reload Profiling:
	ReloadAssembly (959ms)
		BeginReloadAssembly (129ms)
			ExecutionOrderSort (0ms)
			DisableScriptedObjects (5ms)
			BackupInstance (0ms)
			ReleaseScriptingObjects (0ms)
			CreateAndSetChildDomain (28ms)
		EndReloadAssembly (776ms)
			LoadAssemblies (121ms)
			RebuildTransferFunctionScriptingTraits (0ms)
			SetupTypeCache (225ms)
			ReleaseScriptCaches (1ms)
			RebuildScriptCaches (35ms)
			SetupLoadedEditorAssemblies (328ms)
				LogAssemblyErrors (0ms)
				InitializePlatformSupportModulesInManaged (4ms)
				SetLoadedEditorAssemblies (0ms)
				RefreshPlugins (1ms)
				BeforeProcessingInitializeOnLoad (70ms)
				ProcessInitializeOnLoadAttributes (246ms)
				ProcessInitializeOnLoadMethodAttributes (5ms)
				AfterProcessingInitializeOnLoad (2ms)
				EditorAssembliesLoaded (0ms)
			ExecutionOrderSort2 (0ms)
			AwakeInstancesAfterBackupRestoration (8ms)
Platform modules already initialized, skipping
Refreshing native plugins compatible for Editor in 0.50 ms, found 3 plugins.
Preloading 0 native plugins for Editor in 0.00 ms.
Unloading 2133 Unused Serialized files (Serialized files now loaded: 0)
System memory in use before: 98.6 MB.
System memory in use after: 98.7 MB.

Unloading 16 unused Assets to reduce memory usage. Loaded Objects now: 2616.
Total: 3.137900 ms (FindLiveObjects: 0.213500 ms CreateObjectMapping: 0.063100 ms MarkObjects: 2.841100 ms  DeleteObjects: 0.019200 ms)

AssetImportParameters requested are different than current active one (requested -> active):
  custom:framework-win-MediaFoundation: 216162199b28c13a410421893ffa2e32 -> 
  custom:video-decoder-ogg-theora: a1e56fd34408186e4bbccfd4996cb3dc -> 
  custom:container-muxer-webm: aa71ff27fc2769a1b78a27578f13a17b -> 
  custom:container-demuxer-webm: 4f35f7cbe854078d1ac9338744f61a02 -> 
  custom:container-demuxer-ogg: 62fdf1f143b41e24485cea50d1cbac27 -> 
  custom:video-encoder-webm-vp8: eb34c28f22e8b96e1ab97ce403110664 -> 
  custom:video-decoder-webm-vp8: 9c59270c3fd7afecdb556c50c9e8de78 -> 
  custom:audio-decoder-ogg-vorbis: bf7c407c2cedff20999df2af8eb42d56 -> 
  custom:audio-encoder-webm-vorbis: bf7c407c2cedff20999df2af8eb42d56 -> 
========================================================================
Received Prepare
Registering precompiled user dll's ...
Registered in 0.009452 seconds.
Begin MonoManager ReloadAssembly
Native extension for WindowsStandalone target not found
Refreshing native plugins compatible for Editor in 0.50 ms, found 3 plugins.
Preloading 0 native plugins for Editor in 0.00 ms.
Mono: successfully reloaded assembly
- Completed reload, in  0.978 seconds
Domain Reload Profiling:
	ReloadAssembly (978ms)
		BeginReloadAssembly (135ms)
			ExecutionOrderSort (0ms)
			DisableScriptedObjects (5ms)
			BackupInstance (0ms)
			ReleaseScriptingObjects (0ms)
			CreateAndSetChildDomain (28ms)
		EndReloadAssembly (788ms)
			LoadAssemblies (125ms)
			RebuildTransferFunctionScriptingTraits (0ms)
			SetupTypeCache (231ms)
			ReleaseScriptCaches (1ms)
			RebuildScriptCaches (41ms)
			SetupLoadedEditorAssemblies (329ms)
				LogAssemblyErrors (0ms)
				InitializePlatformSupportModulesInManaged (4ms)
				SetLoadedEditorAssemblies (0ms)
				RefreshPlugins (1ms)
				BeforeProcessingInitializeOnLoad (66ms)
				ProcessInitializeOnLoadAttributes (250ms)
				ProcessInitializeOnLoadMethodAttributes (5ms)
				AfterProcessingInitializeOnLoad (2ms)
				EditorAssembliesLoaded (0ms)
			ExecutionOrderSort2 (0ms)
			AwakeInstancesAfterBackupRestoration (8ms)
Platform modules already initialized, skipping
Refreshing native plugins compatible for Editor in 0.49 ms, found 3 plugins.
Preloading 0 native plugins for Editor in 0.00 ms.
Unloading 2133 Unused Serialized files (Serialized files now loaded: 0)
System memory in use before: 98.6 MB.
System memory in use after: 98.7 MB.

Unloading 16 unused Assets to reduce memory usage. Loaded Objects now: 2619.
Total: 3.006600 ms (FindLiveObjects: 0.207900 ms CreateObjectMapping: 0.044600 ms MarkObjects: 2.738900 ms  DeleteObjects: 0.014300 ms)

AssetImportParameters requested are different than current active one (requested -> active):
  custom:framework-win-MediaFoundation: 216162199b28c13a410421893ffa2e32 -> 
  custom:video-decoder-ogg-theora: a1e56fd34408186e4bbccfd4996cb3dc -> 
  custom:container-muxer-webm: aa71ff27fc2769a1b78a27578f13a17b -> 
  custom:container-demuxer-webm: 4f35f7cbe854078d1ac9338744f61a02 -> 
  custom:container-demuxer-ogg: 62fdf1f143b41e24485cea50d1cbac27 -> 
  custom:video-encoder-webm-vp8: eb34c28f22e8b96e1ab97ce403110664 -> 
  custom:video-decoder-webm-vp8: 9c59270c3fd7afecdb556c50c9e8de78 -> 
  custom:audio-decoder-ogg-vorbis: bf7c407c2cedff20999df2af8eb42d56 -> 
  custom:audio-encoder-webm-vorbis: bf7c407c2cedff20999df2af8eb42d56 -> 
========================================================================
Received Prepare
Registering precompiled user dll's ...
Registered in 0.009673 seconds.
Begin MonoManager ReloadAssembly
Native extension for WindowsStandalone target not found
Refreshing native plugins compatible for Editor in 0.63 ms, found 3 plugins.
Preloading 0 native plugins for Editor in 0.00 ms.
Mono: successfully reloaded assembly
- Completed reload, in  0.989 seconds
Domain Reload Profiling:
	ReloadAssembly (990ms)
		BeginReloadAssembly (136ms)
			ExecutionOrderSort (0ms)
			DisableScriptedObjects (5ms)
			BackupInstance (0ms)
			ReleaseScriptingObjects (0ms)
			CreateAndSetChildDomain (28ms)
		EndReloadAssembly (800ms)
			LoadAssemblies (129ms)
			RebuildTransferFunctionScriptingTraits (0ms)
			SetupTypeCache (233ms)
			ReleaseScriptCaches (1ms)
			RebuildScriptCaches (36ms)
			SetupLoadedEditorAssemblies (336ms)
				LogAssemblyErrors (0ms)
				InitializePlatformSupportModulesInManaged (4ms)
				SetLoadedEditorAssemblies (0ms)
				RefreshPlugins (1ms)
				BeforeProcessingInitializeOnLoad (71ms)
				ProcessInitializeOnLoadAttributes (253ms)
				ProcessInitializeOnLoadMethodAttributes (4ms)
				AfterProcessingInitializeOnLoad (2ms)
				EditorAssembliesLoaded (0ms)
			ExecutionOrderSort2 (0ms)
			AwakeInstancesAfterBackupRestoration (8ms)
Platform modules already initialized, skipping
Refreshing native plugins compatible for Editor in 0.49 ms, found 3 plugins.
Preloading 0 native plugins for Editor in 0.00 ms.
Unloading 2133 Unused Serialized files (Serialized files now loaded: 0)
System memory in use before: 98.6 MB.
System memory in use after: 98.7 MB.

Unloading 16 unused Assets to reduce memory usage. Loaded Objects now: 2622.
Total: 3.198300 ms (FindLiveObjects: 0.300200 ms CreateObjectMapping: 0.061300 ms MarkObjects: 2.812200 ms  DeleteObjects: 0.022900 ms)

AssetImportParameters requested are different than current active one (requested -> active):
  custom:framework-win-MediaFoundation: 216162199b28c13a410421893ffa2e32 -> 
  custom:video-decoder-ogg-theora: a1e56fd34408186e4bbccfd4996cb3dc -> 
  custom:container-muxer-webm: aa71ff27fc2769a1b78a27578f13a17b -> 
  custom:container-demuxer-webm: 4f35f7cbe854078d1ac9338744f61a02 -> 
  custom:container-demuxer-ogg: 62fdf1f143b41e24485cea50d1cbac27 -> 
  custom:video-encoder-webm-vp8: eb34c28f22e8b96e1ab97ce403110664 -> 
  custom:video-decoder-webm-vp8: 9c59270c3fd7afecdb556c50c9e8de78 -> 
  custom:audio-decoder-ogg-vorbis: bf7c407c2cedff20999df2af8eb42d56 -> 
  custom:audio-encoder-webm-vorbis: bf7c407c2cedff20999df2af8eb42d56 -> 
========================================================================
Received Import Request.
  Time since last request: 528.001212 seconds.
  path: Assets/Scripts/TextMPViewer.cs
  artifactKey: Guid(0c03a46a3093fdc42baa23ff3ef4516e) Importer(815301076,1909f56bfc062723c751e8b465ee728b)
Start importing Assets/Scripts/TextMPViewer.cs using Guid(0c03a46a3093fdc42baa23ff3ef4516e) Importer(815301076,1909f56bfc062723c751e8b465ee728b)  -> (artifact id: '15eb5b52619612a08f763573026de58d') in 0.006864 seconds 
  Import took 0.010255 seconds .

========================================================================
Received Prepare
Registering precompiled user dll's ...
Registered in 0.011877 seconds.
Begin MonoManager ReloadAssembly
Native extension for WindowsStandalone target not found
Refreshing native plugins compatible for Editor in 0.50 ms, found 3 plugins.
Preloading 0 native plugins for Editor in 0.00 ms.
Mono: successfully reloaded assembly
- Completed reload, in  0.977 seconds
Domain Reload Profiling:
	ReloadAssembly (977ms)
		BeginReloadAssembly (137ms)
			ExecutionOrderSort (0ms)
			DisableScriptedObjects (5ms)
			BackupInstance (0ms)
			ReleaseScriptingObjects (0ms)
			CreateAndSetChildDomain (28ms)
		EndReloadAssembly (783ms)
			LoadAssemblies (127ms)
			RebuildTransferFunctionScriptingTraits (0ms)
			SetupTypeCache (236ms)
			ReleaseScriptCaches (1ms)
			RebuildScriptCaches (35ms)
			SetupLoadedEditorAssemblies (325ms)
				LogAssemblyErrors (0ms)
				InitializePlatformSupportModulesInManaged (4ms)
				SetLoadedEditorAssemblies (0ms)
				RefreshPlugins (1ms)
				BeforeProcessingInitializeOnLoad (67ms)
				ProcessInitializeOnLoadAttributes (247ms)
				ProcessInitializeOnLoadMethodAttributes (4ms)
				AfterProcessingInitializeOnLoad (2ms)
				EditorAssembliesLoaded (0ms)
			ExecutionOrderSort2 (0ms)
			AwakeInstancesAfterBackupRestoration (8ms)
Platform modules already initialized, skipping
Refreshing native plugins compatible for Editor in 0.57 ms, found 3 plugins.
Preloading 0 native plugins for Editor in 0.00 ms.
Unloading 2133 Unused Serialized files (Serialized files now loaded: 0)
System memory in use before: 98.6 MB.
System memory in use after: 98.7 MB.

Unloading 16 unused Assets to reduce memory usage. Loaded Objects now: 2625.
Total: 3.073200 ms (FindLiveObjects: 0.217800 ms CreateObjectMapping: 0.048000 ms MarkObjects: 2.784500 ms  DeleteObjects: 0.021700 ms)

AssetImportParameters requested are different than current active one (requested -> active):
  custom:framework-win-MediaFoundation: 216162199b28c13a410421893ffa2e32 -> 
  custom:video-decoder-ogg-theora: a1e56fd34408186e4bbccfd4996cb3dc -> 
  custom:container-muxer-webm: aa71ff27fc2769a1b78a27578f13a17b -> 
  custom:container-demuxer-webm: 4f35f7cbe854078d1ac9338744f61a02 -> 
  custom:container-demuxer-ogg: 62fdf1f143b41e24485cea50d1cbac27 -> 
  custom:video-encoder-webm-vp8: eb34c28f22e8b96e1ab97ce403110664 -> 
  custom:video-decoder-webm-vp8: 9c59270c3fd7afecdb556c50c9e8de78 -> 
  custom:audio-decoder-ogg-vorbis: bf7c407c2cedff20999df2af8eb42d56 -> 
  custom:audio-encoder-webm-vorbis: bf7c407c2cedff20999df2af8eb42d56 -> 
========================================================================
Received Import Request.
  Time since last request: 70.966050 seconds.
  path: Assets/Scripts/TextMPViewer.cs
  artifactKey: Guid(0c03a46a3093fdc42baa23ff3ef4516e) Importer(815301076,1909f56bfc062723c751e8b465ee728b)
Start importing Assets/Scripts/TextMPViewer.cs using Guid(0c03a46a3093fdc42baa23ff3ef4516e) Importer(815301076,1909f56bfc062723c751e8b465ee728b)  -> (artifact id: 'db50b96aae063eac686fde9fe40ddb7e') in 0.006872 seconds 
  Import took 0.009898 seconds .

========================================================================
Received Prepare
Registering precompiled user dll's ...
Registered in 0.011257 seconds.
Begin MonoManager ReloadAssembly
Native extension for WindowsStandalone target not found
Refreshing native plugins compatible for Editor in 0.78 ms, found 3 plugins.
Preloading 0 native plugins for Editor in 0.00 ms.
Mono: successfully reloaded assembly
- Completed reload, in  1.053 seconds
Domain Reload Profiling:
	ReloadAssembly (1053ms)
		BeginReloadAssembly (144ms)
			ExecutionOrderSort (0ms)
			DisableScriptedObjects (5ms)
			BackupInstance (0ms)
			ReleaseScriptingObjects (0ms)
			CreateAndSetChildDomain (31ms)
		EndReloadAssembly (853ms)
			LoadAssemblies (139ms)
			RebuildTransferFunctionScriptingTraits (0ms)
			SetupTypeCache (250ms)
			ReleaseScriptCaches (1ms)
			RebuildScriptCaches (38ms)
			SetupLoadedEditorAssemblies (358ms)
				LogAssemblyErrors (0ms)
				InitializePlatformSupportModulesInManaged (5ms)
				SetLoadedEditorAssemblies (1ms)
				RefreshPlugins (1ms)
				BeforeProcessingInitializeOnLoad (79ms)
				ProcessInitializeOnLoadAttributes (265ms)
				ProcessInitializeOnLoadMethodAttributes (5ms)
				AfterProcessingInitializeOnLoad (3ms)
				EditorAssembliesLoaded (0ms)
			ExecutionOrderSort2 (0ms)
			AwakeInstancesAfterBackupRestoration (9ms)
Platform modules already initialized, skipping
Refreshing native plugins compatible for Editor in 0.51 ms, found 3 plugins.
Preloading 0 native plugins for Editor in 0.00 ms.
Unloading 2133 Unused Serialized files (Serialized files now loaded: 0)
System memory in use before: 98.6 MB.
System memory in use after: 98.7 MB.

Unloading 16 unused Assets to reduce memory usage. Loaded Objects now: 2628.
Total: 3.237800 ms (FindLiveObjects: 0.225800 ms CreateObjectMapping: 0.062400 ms MarkObjects: 2.929000 ms  DeleteObjects: 0.019400 ms)

AssetImportParameters requested are different than current active one (requested -> active):
  custom:framework-win-MediaFoundation: 216162199b28c13a410421893ffa2e32 -> 
  custom:video-decoder-ogg-theora: a1e56fd34408186e4bbccfd4996cb3dc -> 
  custom:container-muxer-webm: aa71ff27fc2769a1b78a27578f13a17b -> 
  custom:container-demuxer-webm: 4f35f7cbe854078d1ac9338744f61a02 -> 
  custom:container-demuxer-ogg: 62fdf1f143b41e24485cea50d1cbac27 -> 
  custom:video-encoder-webm-vp8: eb34c28f22e8b96e1ab97ce403110664 -> 
  custom:video-decoder-webm-vp8: 9c59270c3fd7afecdb556c50c9e8de78 -> 
  custom:audio-decoder-ogg-vorbis: bf7c407c2cedff20999df2af8eb42d56 -> 
  custom:audio-encoder-webm-vorbis: bf7c407c2cedff20999df2af8eb42d56 -> 
========================================================================
Received Prepare
Registering precompiled user dll's ...
Registered in 0.011404 seconds.
Begin MonoManager ReloadAssembly
Native extension for WindowsStandalone target not found
Refreshing native plugins compatible for Editor in 0.50 ms, found 3 plugins.
Preloading 0 native plugins for Editor in 0.00 ms.
Mono: successfully reloaded assembly
- Completed reload, in  0.982 seconds
Domain Reload Profiling:
	ReloadAssembly (983ms)
		BeginReloadAssembly (130ms)
			ExecutionOrderSort (0ms)
			DisableScriptedObjects (6ms)
			BackupInstance (0ms)
			ReleaseScriptingObjects (0ms)
			CreateAndSetChildDomain (29ms)
		EndReloadAssembly (798ms)
			LoadAssemblies (126ms)
			RebuildTransferFunctionScriptingTraits (0ms)
			SetupTypeCache (233ms)
			ReleaseScriptCaches (1ms)
			RebuildScriptCaches (36ms)
			SetupLoadedEditorAssemblies (336ms)
				LogAssemblyErrors (0ms)
				InitializePlatformSupportModulesInManaged (4ms)
				SetLoadedEditorAssemblies (0ms)
				RefreshPlugins (1ms)
				BeforeProcessingInitializeOnLoad (68ms)
				ProcessInitializeOnLoadAttributes (255ms)
				ProcessInitializeOnLoadMethodAttributes (5ms)
				AfterProcessingInitializeOnLoad (3ms)
				EditorAssembliesLoaded (0ms)
			ExecutionOrderSort2 (0ms)
			AwakeInstancesAfterBackupRestoration (8ms)
Platform modules already initialized, skipping
Refreshing native plugins compatible for Editor in 0.51 ms, found 3 plugins.
Preloading 0 native plugins for Editor in 0.00 ms.
Unloading 2133 Unused Serialized files (Serialized files now loaded: 0)
System memory in use before: 98.6 MB.
System memory in use after: 98.7 MB.

Unloading 16 unused Assets to reduce memory usage. Loaded Objects now: 2631.
Total: 3.443100 ms (FindLiveObjects: 0.221400 ms CreateObjectMapping: 0.057900 ms MarkObjects: 3.148000 ms  DeleteObjects: 0.014900 ms)

AssetImportParameters requested are different than current active one (requested -> active):
  custom:framework-win-MediaFoundation: 216162199b28c13a410421893ffa2e32 -> 
  custom:video-decoder-ogg-theora: a1e56fd34408186e4bbccfd4996cb3dc -> 
  custom:container-muxer-webm: aa71ff27fc2769a1b78a27578f13a17b -> 
  custom:container-demuxer-webm: 4f35f7cbe854078d1ac9338744f61a02 -> 
  custom:container-demuxer-ogg: 62fdf1f143b41e24485cea50d1cbac27 -> 
  custom:video-encoder-webm-vp8: eb34c28f22e8b96e1ab97ce403110664 -> 
  custom:video-decoder-webm-vp8: 9c59270c3fd7afecdb556c50c9e8de78 -> 
  custom:audio-decoder-ogg-vorbis: bf7c407c2cedff20999df2af8eb42d56 -> 
  custom:audio-encoder-webm-vorbis: bf7c407c2cedff20999df2af8eb42d56 -> 
========================================================================
Received Import Request.
  Time since last request: 310.319418 seconds.
  path: Assets/Scripts/EnemySpawner.cs
  artifactKey: Guid(cf690ac07f4132743a99da4450161281) Importer(815301076,1909f56bfc062723c751e8b465ee728b)
Start importing Assets/Scripts/EnemySpawner.cs using Guid(cf690ac07f4132743a99da4450161281) Importer(815301076,1909f56bfc062723c751e8b465ee728b)  -> (artifact id: '1b29ce06b566d0e1d66a1623b5c18fbb') in 0.006881 seconds 
  Import took 0.010112 seconds .

========================================================================
Received Prepare
Registering precompiled user dll's ...
Registered in 0.010758 seconds.
Begin MonoManager ReloadAssembly
Native extension for WindowsStandalone target not found
Refreshing native plugins compatible for Editor in 0.50 ms, found 3 plugins.
Preloading 0 native plugins for Editor in 0.00 ms.
Mono: successfully reloaded assembly
- Completed reload, in  0.948 seconds
Domain Reload Profiling:
	ReloadAssembly (948ms)
		BeginReloadAssembly (122ms)
			ExecutionOrderSort (0ms)
			DisableScriptedObjects (5ms)
			BackupInstance (0ms)
			ReleaseScriptingObjects (0ms)
			CreateAndSetChildDomain (29ms)
		EndReloadAssembly (769ms)
			LoadAssemblies (122ms)
			RebuildTransferFunctionScriptingTraits (0ms)
			SetupTypeCache (227ms)
			ReleaseScriptCaches (1ms)
			RebuildScriptCaches (35ms)
			SetupLoadedEditorAssemblies (318ms)
				LogAssemblyErrors (0ms)
				InitializePlatformSupportModulesInManaged (4ms)
				SetLoadedEditorAssemblies (0ms)
				RefreshPlugins (1ms)
				BeforeProcessingInitializeOnLoad (66ms)
				ProcessInitializeOnLoadAttributes (241ms)
				ProcessInitializeOnLoadMethodAttributes (5ms)
				AfterProcessingInitializeOnLoad (2ms)
				EditorAssembliesLoaded (0ms)
			ExecutionOrderSort2 (0ms)
			AwakeInstancesAfterBackupRestoration (8ms)
Platform modules already initialized, skipping
Refreshing native plugins compatible for Editor in 0.51 ms, found 3 plugins.
Preloading 0 native plugins for Editor in 0.00 ms.
Unloading 2133 Unused Serialized files (Serialized files now loaded: 0)
System memory in use before: 98.6 MB.
System memory in use after: 98.7 MB.

Unloading 16 unused Assets to reduce memory usage. Loaded Objects now: 2634.
Total: 2.997400 ms (FindLiveObjects: 0.218900 ms CreateObjectMapping: 0.044300 ms MarkObjects: 2.714200 ms  DeleteObjects: 0.019100 ms)

AssetImportParameters requested are different than current active one (requested -> active):
  custom:framework-win-MediaFoundation: 216162199b28c13a410421893ffa2e32 -> 
  custom:video-decoder-ogg-theora: a1e56fd34408186e4bbccfd4996cb3dc -> 
  custom:container-muxer-webm: aa71ff27fc2769a1b78a27578f13a17b -> 
  custom:container-demuxer-webm: 4f35f7cbe854078d1ac9338744f61a02 -> 
  custom:container-demuxer-ogg: 62fdf1f143b41e24485cea50d1cbac27 -> 
  custom:video-encoder-webm-vp8: eb34c28f22e8b96e1ab97ce403110664 -> 
  custom:video-decoder-webm-vp8: 9c59270c3fd7afecdb556c50c9e8de78 -> 
  custom:audio-decoder-ogg-vorbis: bf7c407c2cedff20999df2af8eb42d56 -> 
  custom:audio-encoder-webm-vorbis: bf7c407c2cedff20999df2af8eb42d56 -> 
========================================================================
Received Import Request.
  Time since last request: 20.822283 seconds.
  path: Assets/Scripts/EnemySpawner.cs
  artifactKey: Guid(cf690ac07f4132743a99da4450161281) Importer(815301076,1909f56bfc062723c751e8b465ee728b)
Start importing Assets/Scripts/EnemySpawner.cs using Guid(cf690ac07f4132743a99da4450161281) Importer(815301076,1909f56bfc062723c751e8b465ee728b)  -> (artifact id: 'cbfb8f7070bb8c03172dcf3236a0924a') in 0.006900 seconds 
  Import took 0.010111 seconds .

========================================================================
Received Prepare
Registering precompiled user dll's ...
Registered in 0.009378 seconds.
Begin MonoManager ReloadAssembly
Native extension for WindowsStandalone target not found
Refreshing native plugins compatible for Editor in 0.53 ms, found 3 plugins.
Preloading 0 native plugins for Editor in 0.00 ms.
Mono: successfully reloaded assembly
- Completed reload, in  0.962 seconds
Domain Reload Profiling:
	ReloadAssembly (963ms)
		BeginReloadAssembly (138ms)
			ExecutionOrderSort (0ms)
			DisableScriptedObjects (5ms)
			BackupInstance (0ms)
			ReleaseScriptingObjects (0ms)
			CreateAndSetChildDomain (29ms)
		EndReloadAssembly (770ms)
			LoadAssemblies (122ms)
			RebuildTransferFunctionScriptingTraits (0ms)
			SetupTypeCache (228ms)
			ReleaseScriptCaches (1ms)
			RebuildScriptCaches (35ms)
			SetupLoadedEditorAssemblies (322ms)
				LogAssemblyErrors (0ms)
				InitializePlatformSupportModulesInManaged (4ms)
				SetLoadedEditorAssemblies (0ms)
				RefreshPlugins (1ms)
				BeforeProcessingInitializeOnLoad (68ms)
				ProcessInitializeOnLoadAttributes (242ms)
				ProcessInitializeOnLoadMethodAttributes (4ms)
				AfterProcessingInitializeOnLoad (2ms)
				EditorAssembliesLoaded (0ms)
			ExecutionOrderSort2 (0ms)
			AwakeInstancesAfterBackupRestoration (8ms)
Platform modules already initialized, skipping
Refreshing native plugins compatible for Editor in 0.75 ms, found 3 plugins.
Preloading 0 native plugins for Editor in 0.00 ms.
Unloading 2133 Unused Serialized files (Serialized files now loaded: 0)
System memory in use before: 98.6 MB.
System memory in use after: 98.8 MB.

Unloading 16 unused Assets to reduce memory usage. Loaded Objects now: 2637.
Total: 3.283400 ms (FindLiveObjects: 0.214700 ms CreateObjectMapping: 0.057700 ms MarkObjects: 2.987500 ms  DeleteObjects: 0.022500 ms)

AssetImportParameters requested are different than current active one (requested -> active):
  custom:framework-win-MediaFoundation: 216162199b28c13a410421893ffa2e32 -> 
  custom:video-decoder-ogg-theora: a1e56fd34408186e4bbccfd4996cb3dc -> 
  custom:container-muxer-webm: aa71ff27fc2769a1b78a27578f13a17b -> 
  custom:container-demuxer-webm: 4f35f7cbe854078d1ac9338744f61a02 -> 
  custom:container-demuxer-ogg: 62fdf1f143b41e24485cea50d1cbac27 -> 
  custom:video-encoder-webm-vp8: eb34c28f22e8b96e1ab97ce403110664 -> 
  custom:video-decoder-webm-vp8: 9c59270c3fd7afecdb556c50c9e8de78 -> 
  custom:audio-decoder-ogg-vorbis: bf7c407c2cedff20999df2af8eb42d56 -> 
  custom:audio-encoder-webm-vorbis: bf7c407c2cedff20999df2af8eb42d56 -> 
========================================================================
Received Prepare
Registering precompiled user dll's ...
Registered in 0.010159 seconds.
Begin MonoManager ReloadAssembly
Native extension for WindowsStandalone target not found
Refreshing native plugins compatible for Editor in 0.54 ms, found 3 plugins.
Preloading 0 native plugins for Editor in 0.00 ms.
Mono: successfully reloaded assembly
- Completed reload, in  1.037 seconds
Domain Reload Profiling:
	ReloadAssembly (1037ms)
		BeginReloadAssembly (135ms)
			ExecutionOrderSort (0ms)
			DisableScriptedObjects (5ms)
			BackupInstance (0ms)
			ReleaseScriptingObjects (0ms)
			CreateAndSetChildDomain (30ms)
		EndReloadAssembly (844ms)
			LoadAssemblies (130ms)
			RebuildTransferFunctionScriptingTraits (0ms)
			SetupTypeCache (252ms)
			ReleaseScriptCaches (1ms)
			RebuildScriptCaches (39ms)
			SetupLoadedEditorAssemblies (357ms)
				LogAssemblyErrors (0ms)
				InitializePlatformSupportModulesInManaged (4ms)
				SetLoadedEditorAssemblies (0ms)
				RefreshPlugins (1ms)
				BeforeProcessingInitializeOnLoad (72ms)
				ProcessInitializeOnLoadAttributes (273ms)
				ProcessInitializeOnLoadMethodAttributes (5ms)
				AfterProcessingInitializeOnLoad (3ms)
				EditorAssembliesLoaded (0ms)
			ExecutionOrderSort2 (0ms)
			AwakeInstancesAfterBackupRestoration (9ms)
Platform modules already initialized, skipping
Refreshing native plugins compatible for Editor in 0.78 ms, found 3 plugins.
Preloading 0 native plugins for Editor in 0.00 ms.
Unloading 2133 Unused Serialized files (Serialized files now loaded: 0)
System memory in use before: 98.6 MB.
System memory in use after: 98.8 MB.

Unloading 16 unused Assets to reduce memory usage. Loaded Objects now: 2640.
Total: 3.103200 ms (FindLiveObjects: 0.260000 ms CreateObjectMapping: 0.054300 ms MarkObjects: 2.769600 ms  DeleteObjects: 0.018400 ms)

AssetImportParameters requested are different than current active one (requested -> active):
  custom:framework-win-MediaFoundation: 216162199b28c13a410421893ffa2e32 -> 
  custom:video-decoder-ogg-theora: a1e56fd34408186e4bbccfd4996cb3dc -> 
  custom:container-muxer-webm: aa71ff27fc2769a1b78a27578f13a17b -> 
  custom:container-demuxer-webm: 4f35f7cbe854078d1ac9338744f61a02 -> 
  custom:container-demuxer-ogg: 62fdf1f143b41e24485cea50d1cbac27 -> 
  custom:video-encoder-webm-vp8: eb34c28f22e8b96e1ab97ce403110664 -> 
  custom:video-decoder-webm-vp8: 9c59270c3fd7afecdb556c50c9e8de78 -> 
  custom:audio-decoder-ogg-vorbis: bf7c407c2cedff20999df2af8eb42d56 -> 
  custom:audio-encoder-webm-vorbis: bf7c407c2cedff20999df2af8eb42d56 -> 
AssetImportWorkerClient::OnTransportError - code=2 error=End of file
